<?xml version="1.0" encoding="UTF-8"?>
<!-- Generated by org.testng.reporters.JUnitReportReporter -->
<testsuite hostname="DESKTOP-232DIG6" failures="0" tests="1" name="com.neo.bank.testcase.TestCase" time="6.266" errors="0" timestamp="2022-03-20T13:05:21 IST" skipped="0">
  <testcase classname="com.neo.bank.testcase.TestCase" name="test" time="6.266"/>
  <system-out/>
</testsuite> <!-- com.neo.bank.testcase.TestCase -->
